[debug] [2024-03-23T17:54:35.455Z] ----------------------------------------------------------------------
[debug] [2024-03-23T17:54:35.456Z] Command:       /opt/homebrew/Cellar/node/21.1.0/bin/node /opt/homebrew/bin/firebase init
[debug] [2024-03-23T17:54:35.456Z] CLI Version:   13.5.1
[debug] [2024-03-23T17:54:35.456Z] Platform:      darwin
[debug] [2024-03-23T17:54:35.456Z] Node Version:  v21.1.0
[debug] [2024-03-23T17:54:35.456Z] Time:          Sat Mar 23 2024 23:24:35 GMT+0530 (India Standard Time)
[debug] [2024-03-23T17:54:35.457Z] ----------------------------------------------------------------------
[debug] 
[debug] [2024-03-23T17:54:35.459Z] > command requires scopes: ["email","openid","https://www.googleapis.com/auth/cloudplatformprojects.readonly","https://www.googleapis.com/auth/firebase","https://www.googleapis.com/auth/cloud-platform"]
[debug] [2024-03-23T17:54:35.460Z] > authorizing via signed-in user (asbperaa123@gmail.com)
[info] 
     ######## #### ########  ######## ########     ###     ######  ########
     ##        ##  ##     ## ##       ##     ##  ##   ##  ##       ##
     ######    ##  ########  ######   ########  #########  ######  ######
     ##        ##  ##    ##  ##       ##     ## ##     ##       ## ##
     ##       #### ##     ## ######## ########  ##     ##  ######  ########

You're about to initialize a Firebase project in this directory:

  /Users/janithsamee/Desktop/Projects/my_projects/EECon/eecon-web

[info] 
=== Project Setup
[info] 
[info] First, let's associate this project directory with a Firebase project.
[info] You can create multiple project aliases by running firebase use --add, 
[info] but for now we'll just set up a default project.
[info] 
[debug] [2024-03-23T17:54:41.073Z] > refreshing access token with scopes: []
[debug] [2024-03-23T17:54:41.076Z] >>> [apiv2][query] POST https://www.googleapis.com/oauth2/v3/token [none]
[debug] [2024-03-23T17:54:41.076Z] >>> [apiv2][body] POST https://www.googleapis.com/oauth2/v3/token [omitted]
[debug] [2024-03-23T17:54:41.602Z] <<< [apiv2][status] POST https://www.googleapis.com/oauth2/v3/token 200
[debug] [2024-03-23T17:54:41.602Z] <<< [apiv2][body] POST https://www.googleapis.com/oauth2/v3/token [omitted]
[debug] [2024-03-23T17:54:41.645Z] >>> [apiv2][query] GET https://firebase.googleapis.com/v1beta1/projects pageSize=100
[debug] [2024-03-23T17:54:42.735Z] <<< [apiv2][status] GET https://firebase.googleapis.com/v1beta1/projects 200
[debug] [2024-03-23T17:54:42.735Z] <<< [apiv2][body] GET https://firebase.googleapis.com/v1beta1/projects [omitted]
[info] i  Using project test-class-7bdd4 (test-class) 
[info] 
=== Hosting Setup
[debug] [2024-03-23T17:54:46.018Z] >>> [apiv2][query] GET https://firebase.googleapis.com/v1beta1/projects/test-class-7bdd4 [none]
[debug] [2024-03-23T17:54:46.459Z] <<< [apiv2][status] GET https://firebase.googleapis.com/v1beta1/projects/test-class-7bdd4 200
[debug] [2024-03-23T17:54:46.459Z] <<< [apiv2][body] GET https://firebase.googleapis.com/v1beta1/projects/test-class-7bdd4 {"projectId":"test-class-7bdd4","projectNumber":"203030072150","displayName":"test-class","name":"projects/test-class-7bdd4","resources":{"hostingSite":"test-class-7bdd4"},"state":"ACTIVE","etag":"1_23dc16dc-2e4a-4f7d-a5be-bd660bdae273"}
[info] 
[info] Your public directory is the folder (relative to your project directory) that
[info] will contain Hosting assets to be uploaded with firebase deploy. If you
[info] have a build process for your assets, use your build's output directory.
[info] 
[info] i  Skipping write of out/404.html 
[debug] [2024-03-23T17:55:24.100Z] >>> [apiv2][query] GET https://www.gstatic.com/firebasejs/releases.json [none]
[debug] [2024-03-23T17:55:24.505Z] <<< [apiv2][status] GET https://www.gstatic.com/firebasejs/releases.json 200
[debug] [2024-03-23T17:55:24.505Z] <<< [apiv2][body] GET https://www.gstatic.com/firebasejs/releases.json {"current":{"version":"10.9.0","browserURL":"https://www.gstatic.com/firebasejs/10.9.0/firebase.js","packageURL":"https://www.gstatic.com/firebasejs/10.9.0/firebase.tgz"},"live":{"version":"10.9","browserURL":"https://www.gstatic.com/firebasejs/live/10.9/firebase.js","packageURL":"https://www.gstatic.com/firebasejs/live/10.9/firebase.tgz"},"components":{"analytics":"https://www.gstatic.com/firebasejs/10.9.0/firebase-analytics.js","app":"https://www.gstatic.com/firebasejs/10.9.0/firebase-app.js","app-check":"https://www.gstatic.com/firebasejs/10.9.0/firebase-app-check.js","auth":"https://www.gstatic.com/firebasejs/10.9.0/firebase-auth.js","auth/cordova":"https://www.gstatic.com/firebasejs/10.9.0/firebase-auth/cordova.js","auth/web-extension":"https://www.gstatic.com/firebasejs/10.9.0/firebase-auth/web-extension.js","functions":"https://www.gstatic.com/firebasejs/10.9.0/firebase-functions.js","firestore":"https://www.gstatic.com/firebasejs/10.9.0/firebase-firestore.js","firestore/lite":"https://www.gstatic.com/firebasejs/10.9.0/firebase-firestore/lite.js","installations":"https://www.gstatic.com/firebasejs/10.9.0/firebase-installations.js","storage":"https://www.gstatic.com/firebasejs/10.9.0/firebase-storage.js","performance":"https://www.gstatic.com/firebasejs/10.9.0/firebase-performance.js","remote-config":"https://www.gstatic.com/firebasejs/10.9.0/firebase-remote-config.js","messaging":"https://www.gstatic.com/firebasejs/10.9.0/firebase-messaging.js","messaging/sw":"https://www.gstatic.com/firebasejs/10.9.0/firebase-messaging/sw.js","database":"https://www.gstatic.com/firebasejs/10.9.0/firebase-database.js","firestore.memory":"https://www.gstatic.com/firebasejs/10.9.0/firebase-firestore.memory.js"}}
[info] i  Skipping write of out/index.html 
[info] 
[info] i  Detected a .git folder at /Users/janithsamee/Desktop/Projects/my_projects/EECon/eecon-web 
[info] i  Authorizing with GitHub to upload your service account to a GitHub repository's secrets store. 
[info] 
[info] Visit this URL on this device to log in:
[info] https://github.com/login/oauth/authorize?client_id=89cf50f02ac6aaed3484&state=1069238327&redirect_uri=http%3A%2F%2Flocalhost%3A9005&scope=read%3Auser%20repo%20public_repo
[info] 
[info] Waiting for authentication...
[debug] [2024-03-23T17:55:30.215Z] >>> [apiv2][query] POST https://github.com/login/oauth/access_token [none]
[debug] [2024-03-23T17:55:30.215Z] >>> [apiv2][body] POST https://github.com/login/oauth/access_token [stream]
[debug] [2024-03-23T17:55:30.795Z] <<< [apiv2][status] POST https://github.com/login/oauth/access_token 200
[debug] [2024-03-23T17:55:30.796Z] <<< [apiv2][body] POST https://github.com/login/oauth/access_token {"access_token":"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","token_type":"bearer","scope":"read:user,repo"}
[debug] [2024-03-23T17:55:30.802Z] >>> [apiv2][query] GET https://api.github.com/user [none]
[debug] [2024-03-23T17:55:31.423Z] <<< [apiv2][status] GET https://api.github.com/user 200
[debug] [2024-03-23T17:55:31.424Z] <<< [apiv2][body] GET https://api.github.com/user {"login":"JanithSamee","id":85669575,"node_id":"MDQ6VXNlcjg1NjY5NTc1","avatar_url":"https://avatars.githubusercontent.com/u/85669575?v=4","gravatar_id":"","url":"https://api.github.com/users/JanithSamee","html_url":"https://github.com/JanithSamee","followers_url":"https://api.github.com/users/JanithSamee/followers","following_url":"https://api.github.com/users/JanithSamee/following{/other_user}","gists_url":"https://api.github.com/users/JanithSamee/gists{/gist_id}","starred_url":"https://api.github.com/users/JanithSamee/starred{/owner}{/repo}","subscriptions_url":"https://api.github.com/users/JanithSamee/subscriptions","organizations_url":"https://api.github.com/users/JanithSamee/orgs","repos_url":"https://api.github.com/users/JanithSamee/repos","events_url":"https://api.github.com/users/JanithSamee/events{/privacy}","received_events_url":"https://api.github.com/users/JanithSamee/received_events","type":"User","site_admin":false,"name":"Janith Samee","company":null,"blog":"https://www.janithsamee.me/","location":"Sri Lanka","email":null,"hireable":null,"bio":"I'm Janith Samee Electrical Engineering ⚡ undergraduate from the University of Moratuwa🎓.","twitter_username":null,"public_repos":26,"public_gists":0,"followers":11,"following":2,"created_at":"2021-06-10T07:16:47Z","updated_at":"2024-03-09T17:09:24Z","private_gists":0,"total_private_repos":37,"owned_private_repos":37,"disk_usage":193547,"collaborators":17,"two_factor_authentication":true,"plan":{"name":"free","space":976562499,"collaborators":0,"private_repos":10000}}
[info] 
[info] ✔  Success! Logged into GitHub as JanithSamee 
[info] 
